platforms/android/app/build/intermediates/manifest_merge_blame_file/debug/manifest-merger-blame-debug-report.txt
1<?xml version="1.0" encoding="utf-8"?>
2<manifest xmlns:android="http://schemas.android.com/apk/res/android"
3    package="com.example.testnotification"
4    android:hardwareAccelerated="true"
5    android:versionCode="10000"
6    android:versionName="1.0.0" >
7
8    <uses-sdk
9        android:minSdkVersion="22"
9-->src/main/AndroidManifest.xml
10        android:targetSdkVersion="29" />
10-->src/main/AndroidManifest.xml
11
12    <supports-screens
12-->src/main/AndroidManifest.xml:3:5-191
13        android:anyDensity="true"
13-->src/main/AndroidManifest.xml:3:23-48
14        android:largeScreens="true"
14-->src/main/AndroidManifest.xml:3:49-76
15        android:normalScreens="true"
15-->src/main/AndroidManifest.xml:3:77-105
16        android:resizeable="true"
16-->src/main/AndroidManifest.xml:3:106-131
17        android:smallScreens="true"
17-->src/main/AndroidManifest.xml:3:132-159
18        android:xlargeScreens="true" />
18-->src/main/AndroidManifest.xml:3:160-188
19
20    <uses-permission android:name="android.permission.INTERNET" />
20-->src/main/AndroidManifest.xml:4:5-67
20-->src/main/AndroidManifest.xml:4:22-64
21    <uses-permission android:name="android.permission.ACCESS_NETWORK_STATE" />
21-->src/main/AndroidManifest.xml:25:5-79
21-->src/main/AndroidManifest.xml:25:22-76
22    <uses-permission android:name="android.permission.WAKE_LOCK" />
22-->src/main/AndroidManifest.xml:26:5-68
22-->src/main/AndroidManifest.xml:26:22-65
23
24    <permission
24-->src/main/AndroidManifest.xml:27:5-122
25        android:name="com.example.testnotification.permission.C2D_MESSAGE"
25-->src/main/AndroidManifest.xml:27:17-83
26        android:protectionLevel="signature" />
26-->src/main/AndroidManifest.xml:27:84-119
27
28    <uses-permission android:name="com.example.testnotification.permission.C2D_MESSAGE" />
28-->src/main/AndroidManifest.xml:28:5-91
28-->src/main/AndroidManifest.xml:28:22-88
29
30    <queries>
30-->[com.google.firebase:firebase-inappmessaging-display:19.1.5] AndroidManifest.xml:14:5-20:15
31        <intent>
31-->[com.google.firebase:firebase-inappmessaging-display:19.1.5] AndroidManifest.xml:15:9-19:18
32            <action android:name="android.intent.action.VIEW" />
32-->[com.google.android.gms:play-services-tagmanager-api:17.0.0] AndroidManifest.xml:39:17-69
32-->[com.google.android.gms:play-services-tagmanager-api:17.0.0] AndroidManifest.xml:39:25-66
33
34            <data android:scheme="https" />
34-->[com.google.android.gms:play-services-tagmanager-api:17.0.0] AndroidManifest.xml:37:17-72
34-->[com.google.android.gms:play-services-tagmanager-api:17.0.0] AndroidManifest.xml:37:23-69
35        </intent>
36    </queries> <!-- Required by older versions of Google Play services to create IID tokens -->
37    <uses-permission android:name="com.google.android.c2dm.permission.RECEIVE" />
37-->[com.google.firebase:firebase-iid:21.0.1] AndroidManifest.xml:26:5-82
37-->[com.google.firebase:firebase-iid:21.0.1] AndroidManifest.xml:26:22-79
38    <uses-permission android:name="com.google.android.finsky.permission.BIND_GET_INSTALL_REFERRER_SERVICE" />
38-->[com.google.android.gms:play-services-measurement:17.0.0] AndroidManifest.xml:26:5-110
38-->[com.google.android.gms:play-services-measurement:17.0.0] AndroidManifest.xml:26:22-107
39
40    <application
40-->src/main/AndroidManifest.xml:5:5-24:19
41        android:appComponentFactory="androidx.core.app.CoreComponentFactory"
41-->[androidx.core:core:1.3.0] AndroidManifest.xml:24:18-86
42        android:debuggable="true"
43        android:hardwareAccelerated="true"
43-->src/main/AndroidManifest.xml:5:18-52
44        android:icon="@mipmap/ic_launcher"
44-->src/main/AndroidManifest.xml:5:53-87
45        android:label="@string/app_name"
45-->src/main/AndroidManifest.xml:5:88-120
46        android:supportsRtl="true" >
46-->src/main/AndroidManifest.xml:5:121-147
47        <activity
47-->src/main/AndroidManifest.xml:6:9-11:20
48            android:name="com.example.testnotification.MainActivity"
48-->src/main/AndroidManifest.xml:6:205-232
49            android:configChanges="orientation|keyboardHidden|keyboard|screenSize|locale|smallestScreenSize|screenLayout|uiMode"
49-->src/main/AndroidManifest.xml:6:19-135
50            android:label="@string/activity_name"
50-->src/main/AndroidManifest.xml:6:136-173
51            android:launchMode="singleTop"
51-->src/main/AndroidManifest.xml:6:174-204
52            android:theme="@android:style/Theme.DeviceDefault.NoActionBar"
52-->src/main/AndroidManifest.xml:6:233-295
53            android:windowSoftInputMode="adjustResize" >
53-->src/main/AndroidManifest.xml:6:296-338
54            <intent-filter android:label="@string/launcher_name" >
54-->src/main/AndroidManifest.xml:7:13-10:29
54-->src/main/AndroidManifest.xml:7:28-65
55                <action android:name="android.intent.action.MAIN" />
55-->src/main/AndroidManifest.xml:8:17-69
55-->src/main/AndroidManifest.xml:8:25-66
56
57                <category android:name="android.intent.category.LAUNCHER" />
57-->src/main/AndroidManifest.xml:9:17-77
57-->src/main/AndroidManifest.xml:9:27-74
58            </intent-filter>
59        </activity>
60
61        <service
61-->src/main/AndroidManifest.xml:12:9-140
62            android:name="com.google.android.gms.measurement.AppMeasurementService"
62-->src/main/AndroidManifest.xml:12:66-137
63            android:enabled="true"
63-->src/main/AndroidManifest.xml:12:18-40
64            android:exported="false" />
64-->src/main/AndroidManifest.xml:12:41-65
65        <service android:name="org.apache.cordova.firebase.FirebasePluginMessagingService" >
65-->src/main/AndroidManifest.xml:13:9-17:19
65-->src/main/AndroidManifest.xml:13:18-91
66            <intent-filter>
66-->src/main/AndroidManifest.xml:14:13-16:29
67                <action android:name="com.google.firebase.MESSAGING_EVENT" />
67-->src/main/AndroidManifest.xml:15:17-78
67-->src/main/AndroidManifest.xml:15:25-75
68            </intent-filter>
69        </service>
70
71        <receiver android:name="org.apache.cordova.firebase.OnNotificationOpenReceiver" />
71-->src/main/AndroidManifest.xml:18:9-91
71-->src/main/AndroidManifest.xml:18:19-88
72
73        <meta-data
73-->src/main/AndroidManifest.xml:19:9-127
74            android:name="com.google.firebase.messaging.default_notification_color"
74-->src/main/AndroidManifest.xml:19:20-91
75            android:resource="@color/accent" />
75-->src/main/AndroidManifest.xml:19:92-124
76        <meta-data
76-->src/main/AndroidManifest.xml:20:9-155
77            android:name="com.google.firebase.messaging.default_notification_channel_id"
77-->src/main/AndroidManifest.xml:20:20-96
78            android:value="@string/default_notification_channel_id" />
78-->src/main/AndroidManifest.xml:20:97-152
79        <meta-data
79-->src/main/AndroidManifest.xml:21:9-96
80            android:name="firebase_analytics_collection_enabled"
80-->src/main/AndroidManifest.xml:21:20-72
81            android:value="true" />
81-->src/main/AndroidManifest.xml:21:73-93
82        <meta-data
82-->src/main/AndroidManifest.xml:22:9-98
83            android:name="firebase_performance_collection_enabled"
83-->src/main/AndroidManifest.xml:22:20-74
84            android:value="true" />
84-->src/main/AndroidManifest.xml:22:75-95
85        <meta-data
85-->src/main/AndroidManifest.xml:23:9-98
86            android:name="firebase_crashlytics_collection_enabled"
86-->src/main/AndroidManifest.xml:23:20-74
87            android:value="true" />
87-->src/main/AndroidManifest.xml:23:75-95
88
89        <activity
89-->[com.google.android.gms:play-services-auth:19.0.0] AndroidManifest.xml:23:9-27:75
90            android:name="com.google.android.gms.auth.api.signin.internal.SignInHubActivity"
90-->[com.google.android.gms:play-services-auth:19.0.0] AndroidManifest.xml:24:13-93
91            android:excludeFromRecents="true"
91-->[com.google.android.gms:play-services-auth:19.0.0] AndroidManifest.xml:25:13-46
92            android:exported="false"
92-->[com.google.android.gms:play-services-auth:19.0.0] AndroidManifest.xml:26:13-37
93            android:theme="@android:style/Theme.Translucent.NoTitleBar" />
93-->[com.google.android.gms:play-services-auth:19.0.0] AndroidManifest.xml:27:13-72
94        <!--
95            Service handling Google Sign-In user revocation. For apps that do not integrate with
96            Google Sign-In, this service will never be started.
97        -->
98        <service
98-->[com.google.android.gms:play-services-auth:19.0.0] AndroidManifest.xml:33:9-37:51
99            android:name="com.google.android.gms.auth.api.signin.RevocationBoundService"
99-->[com.google.android.gms:play-services-auth:19.0.0] AndroidManifest.xml:34:13-89
100            android:exported="true"
100-->[com.google.android.gms:play-services-auth:19.0.0] AndroidManifest.xml:35:13-36
101            android:permission="com.google.android.gms.auth.api.signin.permission.REVOCATION_NOTIFICATION"
101-->[com.google.android.gms:play-services-auth:19.0.0] AndroidManifest.xml:36:13-107
102            android:visibleToInstantApps="true" />
102-->[com.google.android.gms:play-services-auth:19.0.0] AndroidManifest.xml:37:13-48
103        <service
103-->[com.google.android.gms:play-services-tagmanager-api:17.0.0] AndroidManifest.xml:27:9-30:40
104            android:name="com.google.android.gms.tagmanager.TagManagerService"
104-->[com.google.android.gms:play-services-tagmanager-api:17.0.0] AndroidManifest.xml:28:13-79
105            android:enabled="true"
105-->[com.google.android.gms:play-services-tagmanager-api:17.0.0] AndroidManifest.xml:29:13-35
106            android:exported="false" />
106-->[com.google.android.gms:play-services-tagmanager-api:17.0.0] AndroidManifest.xml:30:13-37
107
108        <activity
108-->[com.google.android.gms:play-services-tagmanager-api:17.0.0] AndroidManifest.xml:32:9-44:20
109            android:name="com.google.android.gms.tagmanager.TagManagerPreviewActivity"
109-->[com.google.android.gms:play-services-tagmanager-api:17.0.0] AndroidManifest.xml:33:13-87
110            android:exported="true"
110-->[com.google.android.gms:play-services-tagmanager-api:17.0.0] AndroidManifest.xml:34:13-36
111            android:noHistory="true" > <!-- optional, removes the previewActivity from the activity stack. -->
111-->[com.google.android.gms:play-services-tagmanager-api:17.0.0] AndroidManifest.xml:35:13-37
112            <intent-filter>
112-->[com.google.android.gms:play-services-tagmanager-api:17.0.0] AndroidManifest.xml:36:13-43:29
113                <data android:scheme="tagmanager.c.com.example.testnotification" />
113-->[com.google.android.gms:play-services-tagmanager-api:17.0.0] AndroidManifest.xml:37:17-72
113-->[com.google.android.gms:play-services-tagmanager-api:17.0.0] AndroidManifest.xml:37:23-69
114
115                <action android:name="android.intent.action.VIEW" />
115-->[com.google.android.gms:play-services-tagmanager-api:17.0.0] AndroidManifest.xml:39:17-69
115-->[com.google.android.gms:play-services-tagmanager-api:17.0.0] AndroidManifest.xml:39:25-66
116
117                <category android:name="android.intent.category.DEFAULT" />
117-->[com.google.android.gms:play-services-tagmanager-api:17.0.0] AndroidManifest.xml:41:17-76
117-->[com.google.android.gms:play-services-tagmanager-api:17.0.0] AndroidManifest.xml:41:27-73
118                <category android:name="android.intent.category.BROWSABLE" />
118-->[com.google.android.gms:play-services-tagmanager-api:17.0.0] AndroidManifest.xml:42:17-78
118-->[com.google.android.gms:play-services-tagmanager-api:17.0.0] AndroidManifest.xml:42:27-75
119            </intent-filter>
120        </activity>
121        <!--
122             FirebaseMessagingService performs security checks at runtime,
123             but set to not exported to explicitly avoid allowing another app to call it.
124        -->
125        <service
125-->[com.google.firebase:firebase-messaging:21.0.1] AndroidManifest.xml:28:9-35:19
126            android:name="com.google.firebase.messaging.FirebaseMessagingService"
126-->[com.google.firebase:firebase-messaging:21.0.1] AndroidManifest.xml:29:13-82
127            android:directBootAware="true"
127-->[com.google.firebase:firebase-messaging:21.0.1] AndroidManifest.xml:30:13-43
128            android:exported="false" >
128-->[com.google.firebase:firebase-messaging:21.0.1] AndroidManifest.xml:31:13-37
129            <intent-filter android:priority="-500" >
129-->src/main/AndroidManifest.xml:14:13-16:29
130                <action android:name="com.google.firebase.MESSAGING_EVENT" />
130-->src/main/AndroidManifest.xml:15:17-78
130-->src/main/AndroidManifest.xml:15:25-75
131            </intent-filter>
132        </service>
133        <service
133-->[com.google.firebase:firebase-messaging:21.0.1] AndroidManifest.xml:36:9-42:19
134            android:name="com.google.firebase.components.ComponentDiscoveryService"
134-->[com.google.firebase:firebase-messaging:21.0.1] AndroidManifest.xml:37:13-84
135            android:directBootAware="true"
135-->[com.google.firebase:firebase-common:19.5.0] AndroidManifest.xml:35:13-43
136            android:exported="false" >
136-->[com.google.firebase:firebase-messaging:21.0.1] AndroidManifest.xml:38:13-37
137            <meta-data
137-->[com.google.firebase:firebase-messaging:21.0.1] AndroidManifest.xml:39:13-41:85
138                android:name="com.google.firebase.components:com.google.firebase.messaging.FirebaseMessagingRegistrar"
138-->[com.google.firebase:firebase-messaging:21.0.1] AndroidManifest.xml:40:17-119
139                android:value="com.google.firebase.components.ComponentRegistrar" />
139-->[com.google.firebase:firebase-messaging:21.0.1] AndroidManifest.xml:41:17-82
140            <meta-data
140-->[com.google.firebase:firebase-perf:19.1.1] AndroidManifest.xml:23:13-25:85
141                android:name="com.google.firebase.components:com.google.firebase.perf.FirebasePerfRegistrar"
141-->[com.google.firebase:firebase-perf:19.1.1] AndroidManifest.xml:24:17-109
142                android:value="com.google.firebase.components.ComponentRegistrar" />
142-->[com.google.firebase:firebase-perf:19.1.1] AndroidManifest.xml:25:17-82
143            <meta-data
143-->[com.google.firebase:firebase-config:20.0.4] AndroidManifest.xml:32:13-34:85
144                android:name="com.google.firebase.components:com.google.firebase.remoteconfig.RemoteConfigRegistrar"
144-->[com.google.firebase:firebase-config:20.0.4] AndroidManifest.xml:33:17-117
145                android:value="com.google.firebase.components.ComponentRegistrar" />
145-->[com.google.firebase:firebase-config:20.0.4] AndroidManifest.xml:34:17-82
146            <meta-data
146-->[com.google.firebase:firebase-auth:20.0.3] AndroidManifest.xml:77:13-79:85
147                android:name="com.google.firebase.components:com.google.firebase.auth.FirebaseAuthRegistrar"
147-->[com.google.firebase:firebase-auth:20.0.3] AndroidManifest.xml:78:17-109
148                android:value="com.google.firebase.components.ComponentRegistrar" />
148-->[com.google.firebase:firebase-auth:20.0.3] AndroidManifest.xml:79:17-82
149            <meta-data
149-->[com.google.firebase:firebase-inappmessaging-display:19.1.5] AndroidManifest.xml:26:13-28:85
150                android:name="com.google.firebase.components:com.google.firebase.inappmessaging.display.FirebaseInAppMessagingDisplayRegistrar"
150-->[com.google.firebase:firebase-inappmessaging-display:19.1.5] AndroidManifest.xml:27:17-144
151                android:value="com.google.firebase.components.ComponentRegistrar" />
151-->[com.google.firebase:firebase-inappmessaging-display:19.1.5] AndroidManifest.xml:28:17-82
152            <meta-data
152-->[com.google.firebase:firebase-inappmessaging:19.1.5] AndroidManifest.xml:17:13-19:85
153                android:name="com.google.firebase.components:com.google.firebase.inappmessaging.FirebaseInAppMessagingRegistrar"
153-->[com.google.firebase:firebase-inappmessaging:19.1.5] AndroidManifest.xml:18:17-129
154                android:value="com.google.firebase.components.ComponentRegistrar" />
154-->[com.google.firebase:firebase-inappmessaging:19.1.5] AndroidManifest.xml:19:17-82
155            <meta-data
155-->[com.google.firebase:firebase-firestore:22.1.1] AndroidManifest.xml:20:13-22:85
156                android:name="com.google.firebase.components:com.google.firebase.firestore.FirestoreRegistrar"
156-->[com.google.firebase:firebase-firestore:22.1.1] AndroidManifest.xml:21:17-111
157                android:value="com.google.firebase.components.ComponentRegistrar" />
157-->[com.google.firebase:firebase-firestore:22.1.1] AndroidManifest.xml:22:17-82
158            <meta-data
158-->[com.google.firebase:firebase-functions:19.2.0] AndroidManifest.xml:18:13-20:85
159                android:name="com.google.firebase.components:com.google.firebase.functions.FunctionsRegistrar"
159-->[com.google.firebase:firebase-functions:19.2.0] AndroidManifest.xml:19:17-111
160                android:value="com.google.firebase.components.ComponentRegistrar" />
160-->[com.google.firebase:firebase-functions:19.2.0] AndroidManifest.xml:20:17-82
161            <meta-data
161-->[com.google.firebase:firebase-crashlytics-ndk:17.4.0] AndroidManifest.xml:35:13-37:85
162                android:name="com.google.firebase.components:com.google.firebase.crashlytics.ndk.CrashlyticsNdkRegistrar"
162-->[com.google.firebase:firebase-crashlytics-ndk:17.4.0] AndroidManifest.xml:36:17-122
163                android:value="com.google.firebase.components.ComponentRegistrar" />
163-->[com.google.firebase:firebase-crashlytics-ndk:17.4.0] AndroidManifest.xml:37:17-82
164            <meta-data
164-->[com.google.firebase:firebase-crashlytics:17.4.0] AndroidManifest.xml:18:13-20:85
165                android:name="com.google.firebase.components:com.google.firebase.crashlytics.CrashlyticsRegistrar"
165-->[com.google.firebase:firebase-crashlytics:17.4.0] AndroidManifest.xml:19:17-115
166                android:value="com.google.firebase.components.ComponentRegistrar" />
166-->[com.google.firebase:firebase-crashlytics:17.4.0] AndroidManifest.xml:20:17-82
167            <meta-data
167-->[com.google.android.gms:play-services-measurement-api:17.0.0] AndroidManifest.xml:30:13-32:85
168                android:name="com.google.firebase.components:com.google.firebase.analytics.connector.internal.AnalyticsConnectorRegistrar"
168-->[com.google.android.gms:play-services-measurement-api:17.0.0] AndroidManifest.xml:31:17-139
169                android:value="com.google.firebase.components.ComponentRegistrar" />
169-->[com.google.android.gms:play-services-measurement-api:17.0.0] AndroidManifest.xml:32:17-82
170            <meta-data
170-->[com.google.firebase:firebase-iid:21.0.1] AndroidManifest.xml:32:13-34:85
171                android:name="com.google.firebase.components:com.google.firebase.iid.Registrar"
171-->[com.google.firebase:firebase-iid:21.0.1] AndroidManifest.xml:33:17-96
172                android:value="com.google.firebase.components.ComponentRegistrar" />
172-->[com.google.firebase:firebase-iid:21.0.1] AndroidManifest.xml:34:17-82
173            <meta-data
173-->[com.google.firebase:firebase-installations:16.3.5] AndroidManifest.xml:18:13-20:85
174                android:name="com.google.firebase.components:com.google.firebase.installations.FirebaseInstallationsRegistrar"
174-->[com.google.firebase:firebase-installations:16.3.5] AndroidManifest.xml:19:17-127
175                android:value="com.google.firebase.components.ComponentRegistrar" />
175-->[com.google.firebase:firebase-installations:16.3.5] AndroidManifest.xml:20:17-82
176            <meta-data
176-->[com.google.firebase:firebase-abt:20.0.0] AndroidManifest.xml:13:13-15:85
177                android:name="com.google.firebase.components:com.google.firebase.abt.component.AbtRegistrar"
177-->[com.google.firebase:firebase-abt:20.0.0] AndroidManifest.xml:14:17-109
178                android:value="com.google.firebase.components.ComponentRegistrar" />
178-->[com.google.firebase:firebase-abt:20.0.0] AndroidManifest.xml:15:17-82
179            <meta-data
179-->[com.google.firebase:firebase-datatransport:17.0.11] AndroidManifest.xml:28:13-30:85
180                android:name="com.google.firebase.components:com.google.firebase.datatransport.TransportRegistrar"
180-->[com.google.firebase:firebase-datatransport:17.0.11] AndroidManifest.xml:29:17-115
181                android:value="com.google.firebase.components.ComponentRegistrar" />
181-->[com.google.firebase:firebase-datatransport:17.0.11] AndroidManifest.xml:30:17-82
182            <!--
183                This registrar is not defined in the dynamic-module-support sdk itself to allow non-firebase
184                clients to use it as well, by defining this registrar in their own core/common library.
185            -->
186            <meta-data
186-->[com.google.firebase:firebase-common:19.5.0] AndroidManifest.xml:43:13-45:85
187                android:name="com.google.firebase.components:com.google.firebase.dynamicloading.DynamicLoadingRegistrar"
187-->[com.google.firebase:firebase-common:19.5.0] AndroidManifest.xml:44:17-121
188                android:value="com.google.firebase.components.ComponentRegistrar" />
188-->[com.google.firebase:firebase-common:19.5.0] AndroidManifest.xml:45:17-82
189        </service>
190
191        <provider
191-->[com.google.firebase:firebase-perf:19.1.1] AndroidManifest.xml:14:9-18:39
192            android:name="com.google.firebase.perf.provider.FirebasePerfProvider"
192-->[com.google.firebase:firebase-perf:19.1.1] AndroidManifest.xml:15:13-82
193            android:authorities="com.example.testnotification.firebaseperfprovider"
193-->[com.google.firebase:firebase-perf:19.1.1] AndroidManifest.xml:16:13-72
194            android:exported="false"
194-->[com.google.firebase:firebase-perf:19.1.1] AndroidManifest.xml:17:13-37
195            android:initOrder="101" />
195-->[com.google.firebase:firebase-perf:19.1.1] AndroidManifest.xml:18:13-36
196
197        <activity
197-->[com.google.firebase:firebase-auth:20.0.3] AndroidManifest.xml:27:9-44:20
198            android:name="com.google.firebase.auth.internal.GenericIdpActivity"
198-->[com.google.firebase:firebase-auth:20.0.3] AndroidManifest.xml:28:13-80
199            android:excludeFromRecents="true"
199-->[com.google.firebase:firebase-auth:20.0.3] AndroidManifest.xml:29:13-46
200            android:exported="true"
200-->[com.google.firebase:firebase-auth:20.0.3] AndroidManifest.xml:30:13-36
201            android:launchMode="singleTask"
201-->[com.google.firebase:firebase-auth:20.0.3] AndroidManifest.xml:31:13-44
202            android:theme="@android:style/Theme.Translucent.NoTitleBar" >
202-->[com.google.firebase:firebase-auth:20.0.3] AndroidManifest.xml:32:13-72
203            <intent-filter>
203-->[com.google.firebase:firebase-auth:20.0.3] AndroidManifest.xml:33:13-43:29
204                <action android:name="android.intent.action.VIEW" />
204-->[com.google.android.gms:play-services-tagmanager-api:17.0.0] AndroidManifest.xml:39:17-69
204-->[com.google.android.gms:play-services-tagmanager-api:17.0.0] AndroidManifest.xml:39:25-66
205
206                <category android:name="android.intent.category.DEFAULT" />
206-->[com.google.android.gms:play-services-tagmanager-api:17.0.0] AndroidManifest.xml:41:17-76
206-->[com.google.android.gms:play-services-tagmanager-api:17.0.0] AndroidManifest.xml:41:27-73
207                <category android:name="android.intent.category.BROWSABLE" />
207-->[com.google.android.gms:play-services-tagmanager-api:17.0.0] AndroidManifest.xml:42:17-78
207-->[com.google.android.gms:play-services-tagmanager-api:17.0.0] AndroidManifest.xml:42:27-75
208
209                <data
209-->[com.google.android.gms:play-services-tagmanager-api:17.0.0] AndroidManifest.xml:37:17-72
210                    android:host="firebase.auth"
211                    android:path="/"
212                    android:scheme="genericidp" />
212-->[com.google.android.gms:play-services-tagmanager-api:17.0.0] AndroidManifest.xml:37:23-69
213            </intent-filter>
214        </activity>
215        <activity
215-->[com.google.firebase:firebase-auth:20.0.3] AndroidManifest.xml:45:9-62:20
216            android:name="com.google.firebase.auth.internal.RecaptchaActivity"
216-->[com.google.firebase:firebase-auth:20.0.3] AndroidManifest.xml:46:13-79
217            android:excludeFromRecents="true"
217-->[com.google.firebase:firebase-auth:20.0.3] AndroidManifest.xml:47:13-46
218            android:exported="true"
218-->[com.google.firebase:firebase-auth:20.0.3] AndroidManifest.xml:48:13-36
219            android:launchMode="singleTask"
219-->[com.google.firebase:firebase-auth:20.0.3] AndroidManifest.xml:49:13-44
220            android:theme="@android:style/Theme.Translucent.NoTitleBar" >
220-->[com.google.firebase:firebase-auth:20.0.3] AndroidManifest.xml:50:13-72
221            <intent-filter>
221-->[com.google.firebase:firebase-auth:20.0.3] AndroidManifest.xml:51:13-61:29
222                <action android:name="android.intent.action.VIEW" />
222-->[com.google.android.gms:play-services-tagmanager-api:17.0.0] AndroidManifest.xml:39:17-69
222-->[com.google.android.gms:play-services-tagmanager-api:17.0.0] AndroidManifest.xml:39:25-66
223
224                <category android:name="android.intent.category.DEFAULT" />
224-->[com.google.android.gms:play-services-tagmanager-api:17.0.0] AndroidManifest.xml:41:17-76
224-->[com.google.android.gms:play-services-tagmanager-api:17.0.0] AndroidManifest.xml:41:27-73
225                <category android:name="android.intent.category.BROWSABLE" />
225-->[com.google.android.gms:play-services-tagmanager-api:17.0.0] AndroidManifest.xml:42:17-78
225-->[com.google.android.gms:play-services-tagmanager-api:17.0.0] AndroidManifest.xml:42:27-75
226
227                <data
227-->[com.google.android.gms:play-services-tagmanager-api:17.0.0] AndroidManifest.xml:37:17-72
228                    android:host="firebase.auth"
229                    android:path="/"
230                    android:scheme="recaptcha" />
230-->[com.google.android.gms:play-services-tagmanager-api:17.0.0] AndroidManifest.xml:37:23-69
231            </intent-filter>
232        </activity>
233
234        <service
234-->[com.google.firebase:firebase-auth:20.0.3] AndroidManifest.xml:64:9-73:19
235            android:name="com.google.firebase.auth.api.fallback.service.FirebaseAuthFallbackService"
235-->[com.google.firebase:firebase-auth:20.0.3] AndroidManifest.xml:65:13-101
236            android:enabled="true"
236-->[com.google.firebase:firebase-auth:20.0.3] AndroidManifest.xml:66:13-35
237            android:exported="false" >
237-->[com.google.firebase:firebase-auth:20.0.3] AndroidManifest.xml:67:13-37
238            <intent-filter>
238-->[com.google.firebase:firebase-auth:20.0.3] AndroidManifest.xml:68:13-72:29
239                <action android:name="com.google.firebase.auth.api.gms.service.START" />
239-->[com.google.firebase:firebase-auth:20.0.3] AndroidManifest.xml:69:17-89
239-->[com.google.firebase:firebase-auth:20.0.3] AndroidManifest.xml:69:25-86
240
241                <category android:name="android.intent.category.DEFAULT" />
241-->[com.google.android.gms:play-services-tagmanager-api:17.0.0] AndroidManifest.xml:41:17-76
241-->[com.google.android.gms:play-services-tagmanager-api:17.0.0] AndroidManifest.xml:41:27-73
242            </intent-filter>
243        </service>
244
245        <receiver
245-->[com.google.firebase:firebase-iid:21.0.1] AndroidManifest.xml:37:9-44:20
246            android:name="com.google.firebase.iid.FirebaseInstanceIdReceiver"
246-->[com.google.firebase:firebase-iid:21.0.1] AndroidManifest.xml:38:13-78
247            android:exported="true"
247-->[com.google.firebase:firebase-iid:21.0.1] AndroidManifest.xml:39:13-36
248            android:permission="com.google.android.c2dm.permission.SEND" >
248-->[com.google.firebase:firebase-iid:21.0.1] AndroidManifest.xml:40:13-73
249            <intent-filter>
249-->[com.google.firebase:firebase-iid:21.0.1] AndroidManifest.xml:41:13-43:29
250                <action android:name="com.google.android.c2dm.intent.RECEIVE" />
250-->[com.google.firebase:firebase-iid:21.0.1] AndroidManifest.xml:42:17-81
250-->[com.google.firebase:firebase-iid:21.0.1] AndroidManifest.xml:42:25-78
251            </intent-filter>
252        </receiver>
253        <receiver
253-->[com.google.android.gms:play-services-measurement:17.0.0] AndroidManifest.xml:29:9-33:20
254            android:name="com.google.android.gms.measurement.AppMeasurementReceiver"
254-->[com.google.android.gms:play-services-measurement:17.0.0] AndroidManifest.xml:30:13-85
255            android:enabled="true"
255-->[com.google.android.gms:play-services-measurement:17.0.0] AndroidManifest.xml:31:13-35
256            android:exported="false" >
256-->[com.google.android.gms:play-services-measurement:17.0.0] AndroidManifest.xml:32:13-37
257        </receiver>
258        <receiver
258-->[com.google.android.gms:play-services-measurement:17.0.0] AndroidManifest.xml:34:9-42:20
259            android:name="com.google.android.gms.measurement.AppMeasurementInstallReferrerReceiver"
259-->[com.google.android.gms:play-services-measurement:17.0.0] AndroidManifest.xml:35:13-100
260            android:enabled="true"
260-->[com.google.android.gms:play-services-measurement:17.0.0] AndroidManifest.xml:36:13-35
261            android:exported="true"
261-->[com.google.android.gms:play-services-measurement:17.0.0] AndroidManifest.xml:37:13-36
262            android:permission="android.permission.INSTALL_PACKAGES" >
262-->[com.google.android.gms:play-services-measurement:17.0.0] AndroidManifest.xml:38:13-69
263            <intent-filter>
263-->[com.google.android.gms:play-services-measurement:17.0.0] AndroidManifest.xml:39:13-41:29